<?xml version="1.0" encoding="UTF-8"?>
<!-- Generated by org.testng.reporters.JUnitReportReporter -->
<testsuite hostname="INLN56577631A" name="com.project.NaveenSelenium.TC_006" tests="4" failures="0" timestamp="25 Apr 2019 13:57:56 GMT" time="0.024" errors="0">
  <testcase name="orange" time="0.018" classname="com.project.NaveenSelenium.TC_006"/>
  <testcase name="blue" time="0.001" classname="com.project.NaveenSelenium.TC_006"/>
  <testcase name="green" time="0.003" classname="com.project.NaveenSelenium.TC_006"/>
  <testcase name="white" time="0.002" classname="com.project.NaveenSelenium.TC_006"/>
</testsuite> <!-- com.project.NaveenSelenium.TC_006 -->
